[22-Apr-2019 11:04:56 Asia/Calcutta] Hello, errors!
[22-Apr-2019 11:04:56 Asia/Calcutta] Hello, errors!
[22-Apr-2019 11:04:56 Asia/Calcutta] Hello, errors!
[22-Apr-2019 11:04:56 Asia/Calcutta] PHP Notice:  Undefined index: fullname in /var/www/html/imun-final/private/API/register.php on line 19
[22-Apr-2019 11:04:56 Asia/Calcutta] PHP Notice:  Undefined variable: firstname in /var/www/html/imun-final/private/API/register.php on line 40
[22-Apr-2019 11:04:56 Asia/Calcutta] PHP Notice:  Undefined variable: lastname in /var/www/html/imun-final/private/API/register.php on line 40
[22-Apr-2019 11:09:27 Asia/Calcutta] Hello, errors!
[22-Apr-2019 11:09:27 Asia/Calcutta] Hello, errors!
[22-Apr-2019 11:09:27 Asia/Calcutta] Hello, errors!
[22-Apr-2019 11:09:27 Asia/Calcutta] PHP Notice:  Undefined variable: firstname in /var/www/html/imun-final/private/API/register.php on line 40
[22-Apr-2019 11:09:27 Asia/Calcutta] PHP Notice:  Undefined variable: lastname in /var/www/html/imun-final/private/API/register.php on line 40
[22-Apr-2019 11:13:21 Asia/Calcutta] Hello, errors!
[22-Apr-2019 11:13:21 Asia/Calcutta] Hello, errors!
[22-Apr-2019 11:13:21 Asia/Calcutta] Hello, errors!
[22-Apr-2019 11:13:21 Asia/Calcutta] PHP Notice:  Undefined variable: firstname in /var/www/html/imun-final/private/API/register.php on line 40
[22-Apr-2019 11:13:21 Asia/Calcutta] PHP Notice:  Undefined variable: lastname in /var/www/html/imun-final/private/API/register.php on line 40
[22-Apr-2019 11:25:22 Asia/Calcutta] Hello, errors!
[22-Apr-2019 11:25:22 Asia/Calcutta] Hello, errors!
[22-Apr-2019 11:25:22 Asia/Calcutta] Hello, errors!
[22-Apr-2019 11:25:22 Asia/Calcutta] PHP Notice:  Undefined variable: firstname in /var/www/html/imun-final/private/API/register.php on line 40
[22-Apr-2019 11:25:22 Asia/Calcutta] PHP Notice:  Undefined variable: lastname in /var/www/html/imun-final/private/API/register.php on line 40
[22-Apr-2019 11:35:32 Asia/Calcutta] Hello, errors!
[22-Apr-2019 11:35:32 Asia/Calcutta] Hello, errors!
[22-Apr-2019 11:35:32 Asia/Calcutta] Hello, errors!
[22-Apr-2019 11:35:32 Asia/Calcutta] PHP Notice:  Undefined variable: firstname in /var/www/html/imun-final/private/API/register.php on line 40
[22-Apr-2019 11:35:32 Asia/Calcutta] PHP Notice:  Undefined variable: lastname in /var/www/html/imun-final/private/API/register.php on line 40
[22-Apr-2019 11:38:36 Asia/Calcutta] Hello, errors!
[22-Apr-2019 11:38:36 Asia/Calcutta] Hello, errors!
[22-Apr-2019 11:38:36 Asia/Calcutta] Hello, errors!
[22-Apr-2019 13:04:26 Asia/Calcutta] Hello, errors!
[22-Apr-2019 13:04:26 Asia/Calcutta] Hello, errors!
[22-Apr-2019 13:04:26 Asia/Calcutta] Hello, errors!
[22-Apr-2019 13:04:26 Asia/Calcutta] PHP Notice:  Undefined index: first_name in /var/www/html/imun-final/private/API/register.php on line 51
[22-Apr-2019 13:04:26 Asia/Calcutta] PHP Notice:  Undefined index: last_name in /var/www/html/imun-final/private/API/register.php on line 51
[22-Apr-2019 13:04:30 Asia/Calcutta] Hello, errors!
[22-Apr-2019 13:04:30 Asia/Calcutta] Hello, errors!
[22-Apr-2019 13:04:30 Asia/Calcutta] Hello, errors!
[22-Apr-2019 13:04:30 Asia/Calcutta] Hello, errors!
[22-Apr-2019 13:04:30 Asia/Calcutta] Hello, errors!
[22-Apr-2019 13:04:30 Asia/Calcutta] Hello, errors!
[22-Apr-2019 13:04:39 Asia/Calcutta] Hello, errors!
[22-Apr-2019 13:04:39 Asia/Calcutta] Hello, errors!
[22-Apr-2019 13:04:39 Asia/Calcutta] Hello, errors!
[22-Apr-2019 13:05:50 Asia/Calcutta] Hello, errors!
[22-Apr-2019 13:05:50 Asia/Calcutta] Hello, errors!
[22-Apr-2019 13:05:50 Asia/Calcutta] Hello, errors!
[22-Apr-2019 13:05:50 Asia/Calcutta] PHP Notice:  Undefined index: first_name in /var/www/html/imun-final/private/API/register.php on line 51
[22-Apr-2019 13:05:50 Asia/Calcutta] PHP Notice:  Undefined index: last_name in /var/www/html/imun-final/private/API/register.php on line 51
[22-Apr-2019 13:08:11 Asia/Calcutta] Hello, errors!
[22-Apr-2019 13:08:11 Asia/Calcutta] Hello, errors!
[22-Apr-2019 13:08:11 Asia/Calcutta] Hello, errors!
[22-Apr-2019 14:16:01 Asia/Calcutta] Hello, errors!
[22-Apr-2019 14:16:01 Asia/Calcutta] Hello, errors!
[22-Apr-2019 14:16:01 Asia/Calcutta] Hello, errors!
[22-Apr-2019 14:16:18 Asia/Calcutta] Hello, errors!
[22-Apr-2019 14:16:18 Asia/Calcutta] Hello, errors!
[22-Apr-2019 14:16:18 Asia/Calcutta] Hello, errors!
[22-Apr-2019 14:16:27 Asia/Calcutta] Hello, errors!
[22-Apr-2019 14:16:27 Asia/Calcutta] Hello, errors!
[22-Apr-2019 14:16:27 Asia/Calcutta] Hello, errors!
[22-Apr-2019 14:18:36 Asia/Calcutta] Hello, errors!
[22-Apr-2019 14:18:36 Asia/Calcutta] Hello, errors!
[22-Apr-2019 14:18:36 Asia/Calcutta] Hello, errors!
[22-Apr-2019 14:19:28 Asia/Calcutta] Hello, errors!
[22-Apr-2019 14:19:28 Asia/Calcutta] Hello, errors!
[22-Apr-2019 14:19:28 Asia/Calcutta] Hello, errors!
[22-Apr-2019 14:21:58 Asia/Calcutta] Hello, errors!
[22-Apr-2019 14:21:58 Asia/Calcutta] Hello, errors!
[22-Apr-2019 14:21:58 Asia/Calcutta] Hello, errors!
[22-Apr-2019 14:23:31 Asia/Calcutta] Hello, errors!
[22-Apr-2019 14:23:31 Asia/Calcutta] Hello, errors!
[22-Apr-2019 14:23:31 Asia/Calcutta] Hello, errors!
[22-Apr-2019 14:32:46 Asia/Calcutta] Hello, errors!
[22-Apr-2019 14:32:46 Asia/Calcutta] Hello, errors!
[22-Apr-2019 14:32:46 Asia/Calcutta] Hello, errors!
[22-Apr-2019 14:33:57 Asia/Calcutta] Hello, errors!
[22-Apr-2019 14:33:57 Asia/Calcutta] Hello, errors!
[22-Apr-2019 14:33:57 Asia/Calcutta] Hello, errors!
[22-Apr-2019 14:34:11 Asia/Calcutta] Hello, errors!
[22-Apr-2019 14:34:11 Asia/Calcutta] Hello, errors!
[22-Apr-2019 14:34:11 Asia/Calcutta] Hello, errors!
[22-Apr-2019 14:35:33 Asia/Calcutta] Hello, errors!
[22-Apr-2019 14:35:33 Asia/Calcutta] Hello, errors!
[22-Apr-2019 14:35:33 Asia/Calcutta] Hello, errors!
[22-Apr-2019 14:43:27 Asia/Calcutta] Hello, errors!
[22-Apr-2019 14:43:27 Asia/Calcutta] Hello, errors!
[22-Apr-2019 14:43:27 Asia/Calcutta] Hello, errors!
[22-Apr-2019 14:43:27 Asia/Calcutta] PHP Notice:  Undefined offset: 0 in /var/www/html/imun-final/private/DAO/application.php on line 89
[22-Apr-2019 14:46:11 Asia/Calcutta] Hello, errors!
[22-Apr-2019 14:46:11 Asia/Calcutta] Hello, errors!
[22-Apr-2019 14:46:11 Asia/Calcutta] Hello, errors!
[22-Apr-2019 14:46:11 Asia/Calcutta] PHP Notice:  Undefined offset: 0 in /var/www/html/imun-final/private/DAO/application.php on line 89
[22-Apr-2019 14:46:24 Asia/Calcutta] Hello, errors!
[22-Apr-2019 14:46:24 Asia/Calcutta] Hello, errors!
[22-Apr-2019 14:46:24 Asia/Calcutta] Hello, errors!
[22-Apr-2019 14:46:50 Asia/Calcutta] Hello, errors!
[22-Apr-2019 14:46:50 Asia/Calcutta] Hello, errors!
[22-Apr-2019 14:46:50 Asia/Calcutta] Hello, errors!
[22-Apr-2019 14:46:51 Asia/Calcutta] Hello, errors!
[22-Apr-2019 14:46:51 Asia/Calcutta] Hello, errors!
[22-Apr-2019 14:46:51 Asia/Calcutta] Hello, errors!
[22-Apr-2019 14:46:51 Asia/Calcutta] PHP Notice:  Undefined offset: 0 in /var/www/html/imun-final/private/DAO/application.php on line 89
[22-Apr-2019 14:47:16 Asia/Calcutta] Hello, errors!
[22-Apr-2019 14:47:16 Asia/Calcutta] Hello, errors!
[22-Apr-2019 14:47:16 Asia/Calcutta] Hello, errors!
[22-Apr-2019 14:47:40 Asia/Calcutta] Hello, errors!
[22-Apr-2019 14:47:40 Asia/Calcutta] Hello, errors!
[22-Apr-2019 14:47:40 Asia/Calcutta] Hello, errors!
[22-Apr-2019 14:47:40 Asia/Calcutta] PHP Notice:  Undefined offset: 0 in /var/www/html/imun-final/private/DAO/application.php on line 89
[22-Apr-2019 14:47:49 Asia/Calcutta] Hello, errors!
[22-Apr-2019 14:47:49 Asia/Calcutta] Hello, errors!
[22-Apr-2019 14:47:49 Asia/Calcutta] Hello, errors!
[22-Apr-2019 14:52:38 Asia/Calcutta] Hello, errors!
[22-Apr-2019 14:52:38 Asia/Calcutta] Hello, errors!
[22-Apr-2019 14:52:38 Asia/Calcutta] Hello, errors!
[22-Apr-2019 14:52:38 Asia/Calcutta] PHP Notice:  Undefined offset: 0 in /var/www/html/imun-final/private/DAO/application.php on line 89
[22-Apr-2019 14:52:58 Asia/Calcutta] Hello, errors!
[22-Apr-2019 14:52:58 Asia/Calcutta] Hello, errors!
[22-Apr-2019 14:52:58 Asia/Calcutta] Hello, errors!
[22-Apr-2019 14:52:58 Asia/Calcutta] PHP Notice:  Undefined offset: 0 in /var/www/html/imun-final/private/DAO/application.php on line 89
[22-Apr-2019 14:54:16 Asia/Calcutta] Hello, errors!
[22-Apr-2019 14:54:16 Asia/Calcutta] Hello, errors!
[22-Apr-2019 14:54:16 Asia/Calcutta] Hello, errors!
[22-Apr-2019 14:54:57 Asia/Calcutta] Hello, errors!
[22-Apr-2019 14:54:57 Asia/Calcutta] Hello, errors!
[22-Apr-2019 14:54:57 Asia/Calcutta] Hello, errors!
[22-Apr-2019 14:56:03 Asia/Calcutta] Hello, errors!
[22-Apr-2019 14:56:03 Asia/Calcutta] Hello, errors!
[22-Apr-2019 14:56:03 Asia/Calcutta] Hello, errors!
[22-Apr-2019 14:56:24 Asia/Calcutta] Hello, errors!
[22-Apr-2019 14:56:24 Asia/Calcutta] Hello, errors!
[22-Apr-2019 14:56:24 Asia/Calcutta] Hello, errors!
[22-Apr-2019 14:56:55 Asia/Calcutta] Hello, errors!
[22-Apr-2019 14:56:55 Asia/Calcutta] Hello, errors!
[22-Apr-2019 14:56:55 Asia/Calcutta] Hello, errors!
[22-Apr-2019 14:57:36 Asia/Calcutta] Hello, errors!
[22-Apr-2019 14:57:36 Asia/Calcutta] Hello, errors!
[22-Apr-2019 14:57:36 Asia/Calcutta] Hello, errors!
[22-Apr-2019 14:58:03 Asia/Calcutta] Hello, errors!
[22-Apr-2019 14:58:03 Asia/Calcutta] Hello, errors!
[22-Apr-2019 14:58:03 Asia/Calcutta] Hello, errors!
[22-Apr-2019 12:59:05 Europe/Berlin] Hello, errors!
[22-Apr-2019 12:59:05 Europe/Berlin] Hello, errors!
[22-Apr-2019 12:59:05 Europe/Berlin] PHP Warning:  require_once(C:\xampp\htdocs\imun-web\private\lib\mail/../../config.php): failed to open stream: No such file or directory in C:\xampp\htdocs\imun-web\private\lib\mail\mail.php on line 11
[22-Apr-2019 12:59:05 Europe/Berlin] PHP Fatal error:  require_once(): Failed opening required 'C:\xampp\htdocs\imun-web\private\lib\mail/../../config.php' (include_path='C:\xampp\php\PEAR') in C:\xampp\htdocs\imun-web\private\lib\mail\mail.php on line 11
[22-Apr-2019 13:01:18 Europe/Berlin] Hello, errors!
[22-Apr-2019 13:01:18 Europe/Berlin] Hello, errors!
[22-Apr-2019 13:01:18 Europe/Berlin] PHP Warning:  require_once(C:\xampp\htdocs\imun-web\private\lib\mail/../../config.php): failed to open stream: No such file or directory in C:\xampp\htdocs\imun-web\private\lib\mail\mail.php on line 11
[22-Apr-2019 13:01:18 Europe/Berlin] PHP Fatal error:  require_once(): Failed opening required 'C:\xampp\htdocs\imun-web\private\lib\mail/../../config.php' (include_path='C:\xampp\php\PEAR') in C:\xampp\htdocs\imun-web\private\lib\mail\mail.php on line 11
[22-Apr-2019 13:02:38 Europe/Berlin] Hello, errors!
[22-Apr-2019 13:02:38 Europe/Berlin] Hello, errors!
[22-Apr-2019 13:02:38 Europe/Berlin] PHP Warning:  require_once(C:\xampp\htdocs\imun-web\private\lib\mail/../../config.php): failed to open stream: No such file or directory in C:\xampp\htdocs\imun-web\private\lib\mail\mail.php on line 11
[22-Apr-2019 13:02:38 Europe/Berlin] PHP Fatal error:  require_once(): Failed opening required 'C:\xampp\htdocs\imun-web\private\lib\mail/../../config.php' (include_path='C:\xampp\php\PEAR') in C:\xampp\htdocs\imun-web\private\lib\mail\mail.php on line 11
[22-Apr-2019 14:25:11 Europe/Berlin] Hello, errors!
[22-Apr-2019 14:25:11 Europe/Berlin] Hello, errors!
[22-Apr-2019 14:25:11 Europe/Berlin] PHP Warning:  require_once(C:\xampp\htdocs\imun-web\private\lib\mail/../../config.php): failed to open stream: No such file or directory in C:\xampp\htdocs\imun-web\private\lib\mail\mail.php on line 11
[22-Apr-2019 14:25:11 Europe/Berlin] PHP Fatal error:  require_once(): Failed opening required 'C:\xampp\htdocs\imun-web\private\lib\mail/../../config.php' (include_path='C:\xampp\php\PEAR') in C:\xampp\htdocs\imun-web\private\lib\mail\mail.php on line 11
[22-Apr-2019 14:25:16 Europe/Berlin] Hello, errors!
[22-Apr-2019 14:25:16 Europe/Berlin] Hello, errors!
[22-Apr-2019 14:25:16 Europe/Berlin] PHP Warning:  require_once(C:\xampp\htdocs\imun-web\private\lib\mail/../../config.php): failed to open stream: No such file or directory in C:\xampp\htdocs\imun-web\private\lib\mail\mail.php on line 11
[22-Apr-2019 14:25:16 Europe/Berlin] PHP Fatal error:  require_once(): Failed opening required 'C:\xampp\htdocs\imun-web\private\lib\mail/../../config.php' (include_path='C:\xampp\php\PEAR') in C:\xampp\htdocs\imun-web\private\lib\mail\mail.php on line 11
[22-Apr-2019 18:21:15 Europe/Berlin] Hello, errors!
[22-Apr-2019 18:21:15 Europe/Berlin] Hello, errors!
[22-Apr-2019 18:21:15 Europe/Berlin] Hello, errors!
[22-Apr-2019 18:21:18 Europe/Berlin] Hello, errors!
[22-Apr-2019 18:21:18 Europe/Berlin] Hello, errors!
[22-Apr-2019 18:21:18 Europe/Berlin] Hello, errors!
[22-Apr-2019 18:44:59 Europe/Berlin] Hello, errors!
[22-Apr-2019 18:44:59 Europe/Berlin] Hello, errors!
[22-Apr-2019 18:44:59 Europe/Berlin] Hello, errors!
[22-Apr-2019 18:46:03 Europe/Berlin] Hello, errors!
[22-Apr-2019 18:46:03 Europe/Berlin] Hello, errors!
[22-Apr-2019 18:46:03 Europe/Berlin] Hello, errors!
[23-Apr-2019 07:21:08 Europe/Berlin] Hello, errors!
[23-Apr-2019 07:21:08 Europe/Berlin] Hello, errors!
[23-Apr-2019 07:21:08 Europe/Berlin] Hello, errors!
[23-Apr-2019 07:22:17 Europe/Berlin] Hello, errors!
[23-Apr-2019 07:22:17 Europe/Berlin] Hello, errors!
[23-Apr-2019 07:22:17 Europe/Berlin] Hello, errors!
[23-Apr-2019 07:24:00 Europe/Berlin] Hello, errors!
[23-Apr-2019 07:24:00 Europe/Berlin] Hello, errors!
[23-Apr-2019 07:24:00 Europe/Berlin] Hello, errors!
[23-Apr-2019 07:24:05 Europe/Berlin] Hello, errors!
[23-Apr-2019 07:24:05 Europe/Berlin] Hello, errors!
[23-Apr-2019 07:24:05 Europe/Berlin] Hello, errors!
[23-Apr-2019 07:24:13 Europe/Berlin] Hello, errors!
[23-Apr-2019 07:24:13 Europe/Berlin] Hello, errors!
[23-Apr-2019 07:24:13 Europe/Berlin] Hello, errors!
[23-Apr-2019 07:24:25 Europe/Berlin] Hello, errors!
[23-Apr-2019 07:24:25 Europe/Berlin] Hello, errors!
[23-Apr-2019 07:24:25 Europe/Berlin] Hello, errors!
[23-Apr-2019 07:25:34 Europe/Berlin] Hello, errors!
[23-Apr-2019 07:25:34 Europe/Berlin] Hello, errors!
[23-Apr-2019 07:25:34 Europe/Berlin] Hello, errors!
[23-Apr-2019 07:25:56 Europe/Berlin] Hello, errors!
[23-Apr-2019 07:25:56 Europe/Berlin] Hello, errors!
[23-Apr-2019 07:25:56 Europe/Berlin] Hello, errors!
[23-Apr-2019 07:26:27 Europe/Berlin] Hello, errors!
[23-Apr-2019 07:26:27 Europe/Berlin] Hello, errors!
[23-Apr-2019 07:26:27 Europe/Berlin] Hello, errors!
[23-Apr-2019 07:27:05 Europe/Berlin] Hello, errors!
[23-Apr-2019 07:27:05 Europe/Berlin] Hello, errors!
[23-Apr-2019 07:27:05 Europe/Berlin] Hello, errors!
[23-Apr-2019 07:28:37 Europe/Berlin] Hello, errors!
[23-Apr-2019 07:28:37 Europe/Berlin] Hello, errors!
[23-Apr-2019 07:28:37 Europe/Berlin] Hello, errors!
[23-Apr-2019 07:31:57 Europe/Berlin] Hello, errors!
[23-Apr-2019 07:31:57 Europe/Berlin] Hello, errors!
[23-Apr-2019 07:31:57 Europe/Berlin] Hello, errors!
[23-Apr-2019 20:29:41 Europe/Berlin] Hello, errors!
[23-Apr-2019 20:29:41 Europe/Berlin] Hello, errors!
[23-Apr-2019 20:29:41 Europe/Berlin] Hello, errors!
[23-Apr-2019 20:29:42 Europe/Berlin] Hello, errors!
[23-Apr-2019 20:29:42 Europe/Berlin] Hello, errors!
[23-Apr-2019 20:29:42 Europe/Berlin] Hello, errors!
[23-Apr-2019 20:29:43 Europe/Berlin] Hello, errors!
[23-Apr-2019 20:29:43 Europe/Berlin] Hello, errors!
[23-Apr-2019 20:29:43 Europe/Berlin] Hello, errors!
[23-Apr-2019 20:29:44 Europe/Berlin] Hello, errors!
[23-Apr-2019 20:29:44 Europe/Berlin] Hello, errors!
[23-Apr-2019 20:29:44 Europe/Berlin] Hello, errors!
[23-Apr-2019 20:35:48 Europe/Berlin] Hello, errors!
[23-Apr-2019 20:35:48 Europe/Berlin] Hello, errors!
[23-Apr-2019 20:35:48 Europe/Berlin] Hello, errors!
[23-Apr-2019 20:42:43 Europe/Berlin] Hello, errors!
[23-Apr-2019 20:42:43 Europe/Berlin] Hello, errors!
[23-Apr-2019 20:42:43 Europe/Berlin] Hello, errors!
[23-Apr-2019 20:49:35 Europe/Berlin] Hello, errors!
[23-Apr-2019 20:49:35 Europe/Berlin] Hello, errors!
[23-Apr-2019 20:49:35 Europe/Berlin] Hello, errors!
[23-Apr-2019 20:51:01 Europe/Berlin] Hello, errors!
[23-Apr-2019 20:51:01 Europe/Berlin] Hello, errors!
[23-Apr-2019 20:51:01 Europe/Berlin] Hello, errors!
[23-Apr-2019 20:51:18 Europe/Berlin] Hello, errors!
[23-Apr-2019 20:51:18 Europe/Berlin] Hello, errors!
[23-Apr-2019 20:51:18 Europe/Berlin] Hello, errors!
[23-Apr-2019 20:52:02 Europe/Berlin] Hello, errors!
[23-Apr-2019 20:52:02 Europe/Berlin] Hello, errors!
[23-Apr-2019 20:52:02 Europe/Berlin] Hello, errors!
[23-Apr-2019 20:56:07 Europe/Berlin] Hello, errors!
[23-Apr-2019 20:56:07 Europe/Berlin] Hello, errors!
[23-Apr-2019 20:56:07 Europe/Berlin] Hello, errors!
[23-Apr-2019 21:04:16 Europe/Berlin] Hello, errors!
[23-Apr-2019 21:04:16 Europe/Berlin] Hello, errors!
[23-Apr-2019 21:04:16 Europe/Berlin] Hello, errors!
[23-Apr-2019 21:04:18 Europe/Berlin] Hello, errors!
[23-Apr-2019 21:04:18 Europe/Berlin] Hello, errors!
[23-Apr-2019 21:04:18 Europe/Berlin] Hello, errors!
[23-Apr-2019 21:04:18 Europe/Berlin] Hello, errors!
[23-Apr-2019 21:04:18 Europe/Berlin] Hello, errors!
[23-Apr-2019 21:04:18 Europe/Berlin] Hello, errors!
[23-Apr-2019 21:04:18 Europe/Berlin] Hello, errors!
[23-Apr-2019 21:04:18 Europe/Berlin] Hello, errors!
[23-Apr-2019 21:04:18 Europe/Berlin] Hello, errors!
[23-Apr-2019 21:04:19 Europe/Berlin] Hello, errors!
[23-Apr-2019 21:04:19 Europe/Berlin] Hello, errors!
[23-Apr-2019 21:04:19 Europe/Berlin] Hello, errors!
[23-Apr-2019 21:04:27 Europe/Berlin] Hello, errors!
[23-Apr-2019 21:04:27 Europe/Berlin] Hello, errors!
[23-Apr-2019 21:04:27 Europe/Berlin] Hello, errors!
[23-Apr-2019 21:04:28 Europe/Berlin] Hello, errors!
[23-Apr-2019 21:04:28 Europe/Berlin] Hello, errors!
[23-Apr-2019 21:04:28 Europe/Berlin] Hello, errors!
[23-Apr-2019 21:04:29 Europe/Berlin] Hello, errors!
[23-Apr-2019 21:04:29 Europe/Berlin] Hello, errors!
[23-Apr-2019 21:04:29 Europe/Berlin] Hello, errors!
[23-Apr-2019 21:04:47 Europe/Berlin] Hello, errors!
[23-Apr-2019 21:04:47 Europe/Berlin] Hello, errors!
[23-Apr-2019 21:04:47 Europe/Berlin] Hello, errors!
[23-Apr-2019 21:04:49 Europe/Berlin] Hello, errors!
[23-Apr-2019 21:04:49 Europe/Berlin] Hello, errors!
[23-Apr-2019 21:04:49 Europe/Berlin] Hello, errors!
[23-Apr-2019 21:05:59 Europe/Berlin] Hello, errors!
[23-Apr-2019 21:05:59 Europe/Berlin] Hello, errors!
[23-Apr-2019 21:05:59 Europe/Berlin] Hello, errors!
[23-Apr-2019 21:08:47 Europe/Berlin] Hello, errors!
[23-Apr-2019 21:08:47 Europe/Berlin] Hello, errors!
[23-Apr-2019 21:08:47 Europe/Berlin] Hello, errors!
[23-Apr-2019 21:08:48 Europe/Berlin] Hello, errors!
[23-Apr-2019 21:08:48 Europe/Berlin] Hello, errors!
[23-Apr-2019 21:08:48 Europe/Berlin] Hello, errors!
[23-Apr-2019 21:08:49 Europe/Berlin] Hello, errors!
[23-Apr-2019 21:08:49 Europe/Berlin] Hello, errors!
[23-Apr-2019 21:08:49 Europe/Berlin] Hello, errors!
[23-Apr-2019 21:56:37 Europe/Berlin] Hello, errors!
[23-Apr-2019 21:56:37 Europe/Berlin] Hello, errors!
[23-Apr-2019 21:56:37 Europe/Berlin] Hello, errors!
